<?xml version="1.0" encoding="UTF-8"?>
<!-- Generated by org.testng.reporters.JUnitReportReporter -->
<testsuite hostname="658ebe55f85c" failures="0" tests="9" name="com.bhashwardeep.tests.vendorportal.VendorPortalTest" time="19.830" errors="0" timestamp="2025-02-15T11:11:28 GMT" skipped="0">
  <testcase classname="com.bhashwardeep.tests.vendorportal.VendorPortalTest" name="dashboardTest" time="1.764"/>
  <testcase classname="com.bhashwardeep.tests.vendorportal.VendorPortalTest" name="logoutTest" time="1.714"/>
  <testcase classname="com.bhashwardeep.tests.vendorportal.VendorPortalTest" name="dashboardTest" time="1.308"/>
  <testcase classname="com.bhashwardeep.tests.vendorportal.VendorPortalTest" name="dashboardTest" time="6.690"/>
  <testcase classname="com.bhashwardeep.tests.vendorportal.VendorPortalTest" name="loginTest" time="2.304"/>
  <testcase classname="com.bhashwardeep.tests.vendorportal.VendorPortalTest" name="loginTest" time="1.438"/>
  <testcase classname="com.bhashwardeep.tests.vendorportal.VendorPortalTest" name="logoutTest" time="1.530"/>
  <testcase classname="com.bhashwardeep.tests.vendorportal.VendorPortalTest" name="logoutTest" time="1.358"/>
  <testcase classname="com.bhashwardeep.tests.vendorportal.VendorPortalTest" name="loginTest" time="1.724"/>
</testsuite> <!-- com.bhashwardeep.tests.vendorportal.VendorPortalTest -->
