<?xml version="1.0" encoding="UTF-8"?>
<!-- Generated by org.testng.reporters.JUnitReportReporter -->
<testsuite hostname="658ebe55f85c" failures="0" tests="20" name="com.bhashwardeep.tests.flightreservation.FlightReservationTest" time="30.919" errors="0" timestamp="2025-02-15T07:19:10 GMT" skipped="0">
  <testcase classname="com.bhashwardeep.tests.flightreservation.FlightReservationTest" name="registrationConfirmationTest" time="0.712"/>
  <testcase classname="com.bhashwardeep.tests.flightreservation.FlightReservationTest" name="flightConfirmationPage" time="1.765"/>
  <testcase classname="com.bhashwardeep.tests.flightreservation.FlightReservationTest" name="registrationConfirmationTest" time="0.699"/>
  <testcase classname="com.bhashwardeep.tests.flightreservation.FlightReservationTest" name="flightSelectionPage" time="1.886"/>
  <testcase classname="com.bhashwardeep.tests.flightreservation.FlightReservationTest" name="flightSelectionPage" time="1.912"/>
  <testcase classname="com.bhashwardeep.tests.flightreservation.FlightReservationTest" name="flightConfirmationPage" time="1.735"/>
  <testcase classname="com.bhashwardeep.tests.flightreservation.FlightReservationTest" name="flightsSearchTest" time="1.903"/>
  <testcase classname="com.bhashwardeep.tests.flightreservation.FlightReservationTest" name="flightSelectionPage" time="1.339"/>
  <testcase classname="com.bhashwardeep.tests.flightreservation.FlightReservationTest" name="userRegistrationTest" time="1.906"/>
  <testcase classname="com.bhashwardeep.tests.flightreservation.FlightReservationTest" name="flightsSearchTest" time="1.335"/>
  <testcase classname="com.bhashwardeep.tests.flightreservation.FlightReservationTest" name="userRegistrationTest" time="3.032"/>
  <testcase classname="com.bhashwardeep.tests.flightreservation.FlightReservationTest" name="flightConfirmationPage" time="1.219"/>
  <testcase classname="com.bhashwardeep.tests.flightreservation.FlightReservationTest" name="flightsSearchTest" time="1.357"/>
  <testcase classname="com.bhashwardeep.tests.flightreservation.FlightReservationTest" name="registrationConfirmationTest" time="0.700"/>
  <testcase classname="com.bhashwardeep.tests.flightreservation.FlightReservationTest" name="registrationConfirmationTest" time="2.266"/>
  <testcase classname="com.bhashwardeep.tests.flightreservation.FlightReservationTest" name="userRegistrationTest" time="2.181"/>
  <testcase classname="com.bhashwardeep.tests.flightreservation.FlightReservationTest" name="flightConfirmationPage" time="1.762"/>
  <testcase classname="com.bhashwardeep.tests.flightreservation.FlightReservationTest" name="userRegistrationTest" time="1.563"/>
  <testcase classname="com.bhashwardeep.tests.flightreservation.FlightReservationTest" name="flightSelectionPage" time="0.815"/>
  <testcase classname="com.bhashwardeep.tests.flightreservation.FlightReservationTest" name="flightsSearchTest" time="0.832"/>
</testsuite> <!-- com.bhashwardeep.tests.flightreservation.FlightReservationTest -->
